[debug] [2020-11-26T22:59:36.985Z] ----------------------------------------------------------------------
[debug] [2020-11-26T22:59:36.987Z] Command:       C:\Program Files\nodejs\node.exe D:\Users\amperezp\AppData\Roaming\npm\node_modules\firebase-tools\lib\bin\firebase.js init
[debug] [2020-11-26T22:59:36.987Z] CLI Version:   8.16.2
[debug] [2020-11-26T22:59:36.987Z] Platform:      win32
[debug] [2020-11-26T22:59:36.987Z] Node Version:  v12.16.1
[debug] [2020-11-26T22:59:36.991Z] Time:          Thu Nov 26 2020 18:59:36 GMT-0400 (GMT-04:00)
[debug] [2020-11-26T22:59:36.992Z] ----------------------------------------------------------------------
[debug] [2020-11-26T22:59:36.992Z] 
[debug] [2020-11-26T22:59:37.007Z] > command requires scopes: ["email","openid","https://www.googleapis.com/auth/cloudplatformprojects.readonly","https://www.googleapis.com/auth/firebase","https://www.googleapis.com/auth/cloud-platform"]
[debug] [2020-11-26T22:59:37.009Z] > authorizing via signed-in user
[info] 
     ######## #### ########  ######## ########     ###     ######  ########
     ##        ##  ##     ## ##       ##     ##  ##   ##  ##       ##
     ######    ##  ########  ######   ########  #########  ######  ######
     ##        ##  ##    ##  ##       ##     ## ##     ##       ## ##
     ##       #### ##     ## ######## ########  ##     ##  ######  ########

You're about to initialize a Firebase project in this directory:

  D:\Users\amperezp\WebstormProjects\vuecli\hello-world

[info] 
=== Project Setup
[info] 
[info] First, let's associate this project directory with a Firebase project.
[info] You can create multiple project aliases by running firebase use --add, 
[info] but for now we'll just set up a default project.
[info] 
[debug] [2020-11-26T22:59:42.569Z] > refreshing access token with scopes: ["email","https://www.googleapis.com/auth/cloud-platform","https://www.googleapis.com/auth/cloudplatformprojects.readonly","https://www.googleapis.com/auth/firebase","openid"]
[debug] [2020-11-26T22:59:42.569Z] >>> HTTP REQUEST POST https://www.googleapis.com/oauth2/v3/token  
 <request body omitted>
[debug] [2020-11-26T22:59:43.518Z] Authentication Error: Your credentials are no longer valid. Please run firebase login --reauth

For CI servers and headless environments, generate a new token with firebase login:ci
[debug] [2020-11-26T22:59:44.092Z] FirebaseError: Authentication Error: Your credentials are no longer valid. Please run firebase login --reauth

For CI servers and headless environments, generate a new token with firebase login:ci
    at Object.<anonymous> (D:\Users\amperezp\AppData\Roaming\npm\node_modules\firebase-tools\lib\auth.js:23:32)
    at Module._compile (internal/modules/cjs/loader.js:1158:30)
    at Object.Module._extensions..js (internal/modules/cjs/loader.js:1178:10)
    at Module.load (internal/modules/cjs/loader.js:1002:32)
    at Function.Module._load (internal/modules/cjs/loader.js:901:14)
    at Module.require (internal/modules/cjs/loader.js:1044:19)
    at require (internal/modules/cjs/helpers.js:77:18)
    at Object.<anonymous> (D:\Users\amperezp\AppData\Roaming\npm\node_modules\firebase-tools\lib\init\features\hosting\github.js:20:16)
    at Module._compile (internal/modules/cjs/loader.js:1158:30)
    at Object.Module._extensions..js (internal/modules/cjs/loader.js:1178:10)
    at Module.load (internal/modules/cjs/loader.js:1002:32)
    at Function.Module._load (internal/modules/cjs/loader.js:901:14)
    at Module.require (internal/modules/cjs/loader.js:1044:19)
    at require (internal/modules/cjs/helpers.js:77:18)
    at Object.<anonymous> (D:\Users\amperezp\AppData\Roaming\npm\node_modules\firebase-tools\lib\init\features\hosting\index.js:7:24)
    at Module._compile (internal/modules/cjs/loader.js:1158:30)
[error] 
[error] Error: Failed to list Firebase projects. See firebase-debug.log for more info.
